<?xml version="1.0" encoding="UTF-8"?>
<!-- Generated by org.testng.reporters.JUnitReportReporter -->
<testsuite hostname="LAPTOP-4F571N9G" failures="0" tests="3" name="testNG01.Keywords1" time="0.014" errors="0" timestamp="2024-09-09T23:33:02 IST" skipped="0">
  <testcase classname="testNG01.Keywords1" name="r2" time="0.003"/>
  <system-out/>
  <testcase classname="testNG01.Keywords1" name="r1" time="0.002"/>
  <system-out/>
  <testcase classname="testNG01.Keywords1" name="r3" time="0.009"/>
  <system-out/>
</testsuite> <!-- testNG01.Keywords1 -->
