<?xml version="1.0" encoding="UTF-8"?>
<!-- Generated by org.testng.reporters.JUnitReportReporter -->
<testsuite hostname="LAPTOP-4F571N9G" failures="0" tests="5" name="testngGrouping.TestngGrouping2" time="0.046" errors="0" timestamp="2024-09-11T22:15:38 IST" skipped="0">
  <testcase classname="testngGrouping.TestngGrouping2" name="w16" time="0.027"/>
  <system-out/>
  <testcase classname="testngGrouping.TestngGrouping2" name="w20" time="0.010"/>
  <system-out/>
  <testcase classname="testngGrouping.TestngGrouping2" name="w17" time="0.003"/>
  <system-out/>
  <testcase classname="testngGrouping.TestngGrouping2" name="w19" time="0.004"/>
  <system-out/>
  <testcase classname="testngGrouping.TestngGrouping2" name="w18" time="0.002"/>
  <system-out/>
</testsuite> <!-- testngGrouping.TestngGrouping2 -->
