<?xml version="1.0" encoding="UTF-8"?>
<!-- Generated by org.testng.reporters.JUnitReportReporter -->
<testsuite hostname="LAPTOP-4F571N9G" failures="0" tests="1" name="testNG01.NewTest" time="0.013" errors="0" timestamp="2024-09-03T22:26:58 IST" skipped="0">
  <testcase classname="testNG01.NewTest" name="f1" time="0.013"/>
  <system-out/>
</testsuite> <!-- testNG01.NewTest -->
