<?xml version="1.0" encoding="UTF-8"?>
<!-- Generated by org.testng.reporters.JUnitReportReporter -->
<testsuite hostname="LAPTOP-4F571N9G" failures="0" tests="5" name="testngGrouping.TestngGrouping1" time="0.050" errors="0" timestamp="2024-09-11T22:16:02 IST" skipped="0">
  <testcase classname="testngGrouping.TestngGrouping1" name="w11" time="0.028"/>
  <system-out/>
  <testcase classname="testngGrouping.TestngGrouping1" name="w15" time="0.004"/>
  <system-out/>
  <testcase classname="testngGrouping.TestngGrouping1" name="w12" time="0.007"/>
  <system-out/>
  <testcase classname="testngGrouping.TestngGrouping1" name="w14" time="0.004"/>
  <system-out/>
  <testcase classname="testngGrouping.TestngGrouping1" name="w13" time="0.007"/>
  <system-out/>
</testsuite> <!-- testngGrouping.TestngGrouping1 -->
