<?xml version="1.0" encoding="UTF-8"?>
<!-- Generated by org.testng.reporters.JUnitReportReporter -->
<testsuite hostname="LAPTOP-4F571N9G" failures="0" tests="1" name="api.Testing" time="9.540" errors="0" timestamp="2024-10-05T17:13:00 IST" skipped="0">
  <testcase classname="api.Testing" name="getuser" time="9.540"/>
  <system-out/>
</testsuite> <!-- api.Testing -->
