<?xml version="1.0" encoding="UTF-8"?>
<!-- Generated by org.testng.reporters.JUnitReportReporter -->
<testsuite hostname="LAPTOP-4F571N9G" failures="0" tests="1" name="testNG01.Testing1" time="0.040" errors="0" timestamp="2024-09-03T21:56:28 IST" skipped="0">
  <testcase classname="testNG01.Testing1" name="method1" time="0.040"/>
  <system-out/>
</testsuite> <!-- testNG01.Testing1 -->
