<?xml version="1.0" encoding="UTF-8"?>
<!-- Generated by org.testng.reporters.JUnitReportReporter -->
<testsuite hostname="LAPTOP-4F571N9G" failures="0" tests="1" name="testNG01.TestscwithPF2" time="8.817" errors="0" timestamp="2024-09-08T15:09:58 IST" skipped="0">
  <testcase classname="testNG01.TestscwithPF2" name="verifylogo" time="8.817"/>
  <system-out/>
</testsuite> <!-- testNG01.TestscwithPF2 -->
